<?xml version="1.0" encoding="utf-8" standalone="no"?>
<!--This file represents the results of running a test suite-->
<test-results name="/Users/pssc/CafeApp/tests/CafeApp.Core.Tests.dll" total="6" errors="0" failures="0" not-run="0" inconclusive="0" ignored="0" skipped="0" invalid="0" date="2016-12-05" time="00:46:06">
  <environment nunit-version="2.6.4.14350" clr-version="4.0.30319.42000" os-version="Unix 16.1.0.0" platform="Unix" cwd="/Users/pssc/CafeApp" machine-name="MASC-MBP-1.fios-router.home" user="pssc" user-domain="MASC-MBP-1.fios-router.home" />
  <culture-info current-culture="en-US" current-uiculture="en-US" />
  <test-suite type="Assembly" name="/Users/pssc/CafeApp/tests/CafeApp.Core.Tests.dll" executed="True" result="Success" success="True" time="0.123" asserts="0">
    <results>
      <test-suite type="TestFixture" name="OpenTabTests" executed="True" result="Success" success="True" time="0.099" asserts="0">
        <results>
          <test-case name="OpenTabTests.Can Open a new Tab" executed="True" result="Success" success="True" time="0.086" asserts="2" />
          <test-case name="OpenTabTests.Cannot open an already Opened tab" executed="True" result="Success" success="True" time="0.003" asserts="1" />
        </results>
      </test-suite>
      <test-suite type="TestFixture" name="PlaceOrderTests" executed="True" result="Success" success="True" time="0.013" asserts="0">
        <results>
          <test-case name="PlaceOrderTests.Can not place empty order" executed="True" result="Success" success="True" time="0.003" asserts="1" />
          <test-case name="PlaceOrderTests.Can not place order multiple times" executed="True" result="Success" success="True" time="0.001" asserts="1" />
          <test-case name="PlaceOrderTests.Can not place order with a closed tab" executed="True" result="Success" success="True" time="0.001" asserts="1" />
          <test-case name="PlaceOrderTests.Can place only drinks order" executed="True" result="Success" success="True" time="0.005" asserts="2" />
        </results>
      </test-suite>
    </results>
  </test-suite>
</test-results>